<?xml version="1.0" encoding="UTF-8"?>
<!-- Generated by org.testng.reporters.JUnitReportReporter -->
<testsuite hostname="Cabbage" failures="0" tests="5" name="com.browserstack.BStackDemoTest" time="84.081" errors="0" timestamp="2022-08-21T22:10:32 IST" skipped="0">
  <testcase classname="com.browserstack.BStackDemoTest" name="addProductToCart" time="11.254"/>
  <system-out/>
  <testcase classname="com.browserstack.BStackDemoTest" name="addProductToCart" time="38.760"/>
  <system-out/>
  <testcase classname="com.browserstack.BStackDemoTest" name="addProductToCart" time="10.366"/>
  <system-out/>
  <testcase classname="com.browserstack.BStackDemoTest" name="addProductToCart" time="10.242"/>
  <system-out/>
  <testcase classname="com.browserstack.BStackDemoTest" name="addProductToCart" time="13.459"/>
  <system-out/>
</testsuite> <!-- com.browserstack.BStackDemoTest -->
